<?xml version="1.0" encoding="UTF-8"?>
<!-- Generated by org.testng.reporters.JUnitReportReporter -->
<testsuite hostname="FX-JSJ800" name="com.zhou.autotest.M1_fun_tv_home_user3" tests="5" failures="2" timestamp="11 Mar 2016 02:02:04 GMT" time="102.350" errors="0">
  <testcase name="testEpisodes" time="0.000" classname="com.zhou.autotest.M1_fun_tv_home_user3"/>
  <testcase name="testTVSeries" time="51.196" classname="com.zhou.autotest.M1_fun_tv_home_user3"/>
  <testcase name="testLocalStorage" time="3.019" classname="com.zhou.autotest.M1_fun_tv_home_user3">
    <failure type="net.sf.json.JSONException" message="null object">
      <![CDATA[net.sf.json.JSONException: null object
	at net.sf.json.JSONObject.verifyIsNull(JSONObject.java:2498)
	at net.sf.json.JSONObject.get(JSONObject.java:1712)
	at com.zhou.autotest.M1_fun_tv_home_common.LocalStorage(M1_fun_tv_home_common.java:193)
	at com.zhou.autotest.M1_fun_tv_home_user3.testLocalStorage(M1_fun_tv_home_user3.java:98)
	at sun.reflect.NativeMethodAccessorImpl.invoke0(Native Method)
	at sun.reflect.NativeMethodAccessorImpl.invoke(Unknown Source)
	at sun.reflect.DelegatingMethodAccessorImpl.invoke(Unknown Source)
	at java.lang.reflect.Method.invoke(Unknown Source)
	at org.testng.internal.MethodInvocationHelper.invokeMethod(MethodInvocationHelper.java:76)
	at org.testng.internal.Invoker.invokeMethod(Invoker.java:673)
	at org.testng.internal.Invoker.invokeTestMethod(Invoker.java:846)
	at org.testng.internal.Invoker.invokeTestMethods(Invoker.java:1170)
	at org.testng.internal.TestMethodWorker.invokeTestMethods(TestMethodWorker.java:125)
	at org.testng.internal.TestMethodWorker.run(TestMethodWorker.java:109)
	at org.testng.TestRunner.runWorkers(TestRunner.java:1147)
	at org.testng.TestRunner.privateRun(TestRunner.java:749)
	at org.testng.TestRunner.run(TestRunner.java:600)
	at org.testng.SuiteRunner.runTest(SuiteRunner.java:317)
	at org.testng.SuiteRunner.runSequentially(SuiteRunner.java:312)
	at org.testng.SuiteRunner.privateRun(SuiteRunner.java:274)
	at org.testng.SuiteRunner.run(SuiteRunner.java:223)
	at org.testng.SuiteRunnerWorker.runSuite(SuiteRunnerWorker.java:52)
	at org.testng.SuiteRunnerWorker.run(SuiteRunnerWorker.java:86)
	at org.testng.TestNG.runSuitesSequentially(TestNG.java:1039)
	at org.testng.TestNG.runSuitesLocally(TestNG.java:964)
	at org.testng.TestNG.run(TestNG.java:900)
	at com.zhou.run.Run.main(Run.java:73)
]]>
    </failure>
  </testcase>
  <testcase name="testClickSkip" time="6.343" classname="com.zhou.autotest.M1_fun_tv_home_user3"/>
  <testcase name="testCookie" time="41.792" classname="com.zhou.autotest.M1_fun_tv_home_user3"/>
</testsuite>
